[0902/155648:ERROR:process_reader_win.cc(233)] ReadMemory at 0x7fefda11ce8 of 28 bytes failed: ReadProcessMemory 要求または WriteProcessMemory 要求の一部だけを完了しました。 (0x12B)
[0902/155648:WARNING:pe_image_reader.cc(135)] could not read data directory from C:\Windows\system32\USERENV.dll
[0902/155648:ERROR:process_reader_win.cc(233)] ReadMemory at 0x7fefb790000 of 64 bytes failed: ReadProcessMemory 要求または WriteProcessMemory 要求の一部だけを完了しました。 (0x12B)
[0902/155648:WARNING:pe_image_reader.cc(281)] could not read dos header from C:\Windows\system32\WTSAPI32.dll
[0902/155648:ERROR:process_reader_win.cc(233)] ReadMemory at 0x7fef8f10000 of 64 bytes failed: ReadProcessMemory 要求または WriteProcessMemory 要求の一部だけを完了しました。 (0x12B)
[0902/155648:WARNING:pe_image_reader.cc(281)] could not read dos header from C:\Windows\system32\webio.dll
[0902/155648:ERROR:process_reader_win.cc(233)] ReadMemory at 0x7fef8f80000 of 64 bytes failed: ReadProcessMemory 要求または WriteProcessMemory 要求の一部だけを完了しました。 (0x12B)
[0902/155648:WARNING:pe_image_reader.cc(281)] could not read dos header from C:\Windows\system32\WINHTTP.dll
[0902/155648:ERROR:process_reader_win.cc(233)] ReadMemory at 0x7fef9a80000 of 64 bytes failed: ReadProcessMemory 要求または WriteProcessMemory 要求の一部だけを完了しました。 (0x12B)
[0902/155648:WARNING:pe_image_reader.cc(281)] could not read dos header from C:\Windows\system32\api-ms-win-core-synch-l1-2-0.DLL
[0902/155648:ERROR:process_reader_win.cc(233)] ReadMemory at 0x7feffb00000 of 64 bytes failed: ReadProcessMemory 要求または WriteProcessMemory 要求の一部だけを完了しました。 (0x12B)
[0902/155648:WARNING:pe_image_reader.cc(281)] could not read dos header from C:\Windows\system32\MSCTF.dll
[0902/155648:ERROR:process_reader_win.cc(233)] ReadMemory at 0x7fefe1b0000 of 64 bytes failed: ReadProcessMemory 要求または WriteProcessMemory 要求の一部だけを完了しました。 (0x12B)
[0902/155648:WARNING:pe_image_reader.cc(281)] could not read dos header from C:\Windows\system32\IMM32.DLL
[0902/155648:ERROR:process_reader_win.cc(233)] ReadMemory at 0x7feffa80000 of 64 bytes failed: ReadProcessMemory 要求または WriteProcessMemory 要求の一部だけを完了しました。 (0x12B)
[0902/155648:WARNING:pe_image_reader.cc(281)] could not read dos header from C:\Windows\system32\SHLWAPI.dll
[0902/155648:ERROR:process_reader_win.cc(233)] ReadMemory at 0x7fefe290000 of 64 bytes failed: ReadProcessMemory 要求または WriteProcessMemory 要求の一部だけを完了しました。 (0x12B)
[0902/155648:WARNING:pe_image_reader.cc(281)] could not read dos header from C:\Windows\system32\SHELL32.dll
[0902/155648:ERROR:process_reader_win.cc(233)] ReadMemory at 0x77d00000 of 64 bytes failed: ReadProcessMemory 要求または WriteProcessMemory 要求の一部だけを完了しました。 (0x12B)
[0902/155648:WARNING:pe_image_reader.cc(281)] could not read dos header from C:\Windows\system32\PSAPI.DLL
[0902/155648:ERROR:process_reader_win.cc(233)] ReadMemory at 0x7fefb6b0000 of 64 bytes failed: ReadProcessMemory 要求または WriteProcessMemory 要求の一部だけを完了しました。 (0x12B)
[0902/155648:WARNING:pe_image_reader.cc(281)] could not read dos header from C:\Windows\system32\WINSPOOL.DRV
[0902/155648:ERROR:process_reader_win.cc(233)] ReadMemory at 0x7fefc2c0000 of 64 bytes failed: ReadProcessMemory 要求または WriteProcessMemory 要求の一部だけを完了しました。 (0x12B)
[0902/155648:WARNING:pe_image_reader.cc(281)] could not read dos header from C:\Windows\WinSxS\amd64_microsoft.windows.common-controls_6595b64144ccf1df_6.0.7601.18837_none_fa3b1e3d17594757\COMCTL32.dll
[0902/155648:ERROR:process_reader_win.cc(233)] ReadMemory at 0x7fefe1f0000 of 64 bytes failed: ReadProcessMemory 要求または WriteProcessMemory 要求の一部だけを完了しました。 (0x12B)
[0902/155648:WARNING:pe_image_reader.cc(281)] could not read dos header from C:\Windows\system32\COMDLG32.dll
[0902/155648:ERROR:process_reader_win.cc(233)] ReadMemory at 0x7feffc10000 of 64 bytes failed: ReadProcessMemory 要求または WriteProcessMemory 要求の一部だけを完了しました。 (0x12B)
[0902/155648:WARNING:pe_image_reader.cc(281)] could not read dos header from C:\Windows\system32\ole32.dll
[0902/155648:ERROR:process_reader_win.cc(233)] ReadMemory at 0x7feff020000 of 64 bytes failed: ReadProcessMemory 要求または WriteProcessMemory 要求の一部だけを完了しました。 (0x12B)
[0902/155648:WARNING:pe_image_reader.cc(281)] could not read dos header from C:\Windows\system32\OLEAUT32.dll
[0902/155648:ERROR:process_reader_win.cc(233)] ReadMemory at 0x7fefe1a0000 of 64 bytes failed: ReadProcessMemory 要求または WriteProcessMemory 要求の一部だけを完了しました。 (0x12B)
[0902/155648:WARNING:pe_image_reader.cc(281)] could not read dos header from C:\Windows\system32\NSI.dll
[0902/155648:ERROR:process_reader_win.cc(233)] ReadMemory at 0x7fefb620000 of 64 bytes failed: ReadProcessMemory 要求または WriteProcessMemory 要求の一部だけを完了しました。 (0x12B)
[0902/155648:WARNING:pe_image_reader.cc(281)] could not read dos header from C:\Windows\system32\WINNSI.DLL
[0902/155648:ERROR:process_reader_win.cc(233)] ReadMemory at 0x7fefb630000 of 64 bytes failed: ReadProcessMemory 要求または WriteProcessMemory 要求の一部だけを完了しました。 (0x12B)
[0902/155648:WARNING:pe_image_reader.cc(281)] could not read dos header from C:\Windows\system32\IPHLPAPI.DLL
[0902/155648:ERROR:process_reader_win.cc(233)] ReadMemory at 0x7feff9c0000 of 64 bytes failed: ReadProcessMemory 要求または WriteProcessMemory 要求の一部だけを完了しました。 (0x12B)
[0902/155648:WARNING:pe_image_reader.cc(281)] could not read dos header from C:\Windows\system32\WS2_32.dll
[0902/155648:ERROR:process_reader_win.cc(233)] ReadMemory at 0x7fefd880000 of 64 bytes failed: ReadProcessMemory 要求または WriteProcessMemory 要求の一部だけを完了しました。 (0x12B)
[0902/155648:WARNING:pe_image_reader.cc(281)] could not read dos header from C:\Windows\system32\MSASN1.dll
[0902/155648:ERROR:process_reader_win.cc(233)] ReadMemory at 0x7fefda20000 of 64 bytes failed: ReadProcessMemory 要求または WriteProcessMemory 要求の一部だけを完了しました。 (0x12B)
[0902/155648:WARNING:pe_image_reader.cc(281)] could not read dos header from C:\Windows\system32\CRYPT32.dll
[0902/155648:ERROR:process_reader_win.cc(233)] ReadMemory at 0x7fefd900000 of 64 bytes failed: ReadProcessMemory 要求または WriteProcessMemory 要求の一部だけを完了しました。 (0x12B)
[0902/155648:WARNING:pe_image_reader.cc(281)] could not read dos header from C:\Windows\system32\WINTRUST.dll
[0902/155648:ERROR:process_reader_win.cc(233)] ReadMemory at 0x7fefd3f0000 of 64 bytes failed: ReadProcessMemory 要求または WriteProcessMemory 要求の一部だけを完了しました。 (0x12B)
[0902/155648:WARNING:pe_image_reader.cc(281)] could not read dos header from C:\Windows\system32\Secur32.dll
[0902/155648:ERROR:process_reader_win.cc(233)] ReadMemory at 0x7fefd680000 of 64 bytes failed: ReadProcessMemory 要求または WriteProcessMemory 要求の一部だけを完了しました。 (0x12B)
[0902/155648:WARNING:pe_image_reader.cc(281)] could not read dos header from C:\Windows\system32\SSPICLI.DLL
[0902/155648:ERROR:process_reader_win.cc(233)] ReadMemory at 0x7fed2ec0000 of 64 bytes failed: ReadProcessMemory 要求または WriteProcessMemory 要求の一部だけを完了しました。 (0x12B)
[0902/155648:WARNING:pe_image_reader.cc(281)] could not read dos header from C:\Program Files (x86)\Google\Chrome\Application\53.0.2785.89\chrome_child.dll
[0902/155648:ERROR:process_reader_win.cc(233)] ReadMemory at 0x7feec610000 of 64 bytes failed: ReadProcessMemory 要求または WriteProcessMemory 要求の一部だけを完了しました。 (0x12B)
[0902/155648:WARNING:pe_image_reader.cc(281)] could not read dos header from C:\Windows\system32\dwrite.dll
[0902/155648:ERROR:process_reader_win.cc(233)] ReadMemory at 0x7fefd710000 of 64 bytes failed: ReadProcessMemory 要求または WriteProcessMemory 要求の一部だけを完了しました。 (0x12B)
[0902/155648:WARNING:pe_image_reader.cc(281)] could not read dos header from C:\Windows\system32\cryptbase.dll
[0902/155648:ERROR:process_reader_win.cc(233)] ReadMemory at 0x77c62540 of 6656 bytes failed: ReadProcessMemory 要求または WriteProcessMemory 要求の一部だけを完了しました。 (0x12B)
[0902/155648:ERROR:process_reader_win.cc(233)] ReadMemory at 0x13f2b0000 of 64 bytes failed: ReadProcessMemory 要求または WriteProcessMemory 要求の一部だけを完了しました。 (0x12B)
[0902/155648:WARNING:pe_image_reader.cc(281)] could not read dos header from C:\Program Files (x86)\Google\Chrome\Application\chrome.exe
[0902/155648:ERROR:process_reader_win.cc(233)] ReadMemory at 0x77b30000 of 64 bytes failed: ReadProcessMemory 要求または WriteProcessMemory 要求の一部だけを完了しました。 (0x12B)
[0902/155648:WARNING:pe_image_reader.cc(281)] could not read dos header from C:\Windows\SYSTEM32\ntdll.dll
[0902/155648:ERROR:process_reader_win.cc(233)] ReadMemory at 0x7fefd990000 of 64 bytes failed: ReadProcessMemory 要求または WriteProcessMemory 要求の一部だけを完了しました。 (0x12B)
[0902/155648:WARNING:pe_image_reader.cc(281)] could not read dos header from C:\Windows\system32\KERNELBASE.dll
[0902/155648:ERROR:process_reader_win.cc(233)] ReadMemory at 0x77910000 of 64 bytes failed: ReadProcessMemory 要求または WriteProcessMemory 要求の一部だけを完了しました。 (0x12B)
[0902/155648:WARNING:pe_image_reader.cc(281)] could not read dos header from C:\Windows\system32\kernel32.dll
[0902/155648:ERROR:process_reader_win.cc(233)] ReadMemory at 0x7fefe030000 of 64 bytes failed: ReadProcessMemory 要求または WriteProcessMemory 要求の一部だけを完了しました。 (0x12B)
[0902/155648:WARNING:pe_image_reader.cc(281)] could not read dos header from C:\Windows\system32\msvcrt.dll
[0902/155648:ERROR:process_reader_win.cc(233)] ReadMemory at 0x7fefdc30000 of 64 bytes failed: ReadProcessMemory 要求または WriteProcessMemory 要求の一部だけを完了しました。 (0x12B)
[0902/155648:WARNING:pe_image_reader.cc(281)] could not read dos header from C:\Windows\system32\RPCRT4.dll
[0902/155648:ERROR:process_reader_win.cc(233)] ReadMemory at 0x7feffe20000 of 64 bytes failed: ReadProcessMemory 要求または WriteProcessMemory 要求の一部だけを完了しました。 (0x12B)
[0902/155648:WARNING:pe_image_reader.cc(281)] could not read dos header from C:\Windows\SYSTEM32\sechost.dll
[0902/155648:ERROR:process_reader_win.cc(233)] ReadMemory at 0x7feff120000 of 64 bytes failed: ReadProcessMemory 要求または WriteProcessMemory 要求の一部だけを完了しました。 (0x12B)
[0902/155648:WARNING:pe_image_reader.cc(281)] could not read dos header from C:\Windows\system32\ADVAPI32.dll
[0902/155648:ERROR:process_reader_win.cc(233)] ReadMemory at 0x7fee6950000 of 64 bytes failed: ReadProcessMemory 要求または WriteProcessMemory 要求の一部だけを完了しました。 (0x12B)
[0902/155648:WARNING:pe_image_reader.cc(281)] could not read dos header from C:\Program Files (x86)\Google\Chrome\Application\53.0.2785.89\chrome_elf.dll
[0902/155648:ERROR:process_reader_win.cc(233)] ReadMemory at 0x7fefc950000 of 64 bytes failed: ReadProcessMemory 要求または WriteProcessMemory 要求の一部だけを完了しました。 (0x12B)
[0902/155648:WARNING:pe_image_reader.cc(281)] could not read dos header from C:\Windows\system32\VERSION.dll
[0902/155648:ERROR:process_reader_win.cc(233)] ReadMemory at 0x7fefe0d0000 of 64 bytes failed: ReadProcessMemory 要求または WriteProcessMemory 要求の一部だけを完了しました。 (0x12B)
[0902/155648:WARNING:pe_image_reader.cc(281)] could not read dos header from C:\Windows\system32\USP10.dll
[0902/155648:ERROR:process_reader_win.cc(233)] ReadMemory at 0x7fefe1e0000 of 64 bytes failed: ReadProcessMemory 要求または WriteProcessMemory 要求の一部だけを完了しました。 (0x12B)
[0902/155648:WARNING:pe_image_reader.cc(281)] could not read dos header from C:\Windows\system32\LPK.dll
[0902/155648:ERROR:process_reader_win.cc(233)] ReadMemory at 0x7feffa10000 of 64 bytes failed: ReadProcessMemory 要求または WriteProcessMemory 要求の一部だけを完了しました。 (0x12B)
[0902/155648:WARNING:pe_image_reader.cc(281)] could not read dos header from C:\Windows\system32\GDI32.dll
[0902/155648:ERROR:process_reader_win.cc(233)] ReadMemory at 0x77a30000 of 64 bytes failed: ReadProcessMemory 要求または WriteProcessMemory 要求の一部だけを完了しました。 (0x12B)
[0902/155648:WARNING:pe_image_reader.cc(281)] could not read dos header from C:\Windows\system32\USER32.dll
[0902/155648:ERROR:process_reader_win.cc(233)] ReadMemory at 0x7fefb740000 of 64 bytes failed: ReadProcessMemory 要求または WriteProcessMemory 要求の一部だけを完了しました。 (0x12B)
[0902/155648:WARNING:pe_image_reader.cc(281)] could not read dos header from C:\Windows\system32\WINMM.dll
[0902/155648:ERROR:process_reader_win.cc(233)] ReadMemory at 0x7fefd870000 of 64 bytes failed: ReadProcessMemory 要求または WriteProcessMemory 要求の一部だけを完了しました。 (0x12B)
[0902/155648:WARNING:pe_image_reader.cc(281)] could not read dos header from C:\Windows\system32\profapi.dll
[0902/155648:ERROR:process_reader_win.cc(233)] ReadMemory at 0x7fefda00000 of 64 bytes failed: ReadProcessMemory 要求または WriteProcessMemory 要求の一部だけを完了しました。 (0x12B)
[0902/155648:WARNING:pe_image_reader.cc(281)] could not read dos header from C:\Windows\system32\USERENV.dll
[0902/155648:ERROR:process_reader_win.cc(233)] ReadMemory at 0x7fefb790000 of 64 bytes failed: ReadProcessMemory 要求または WriteProcessMemory 要求の一部だけを完了しました。 (0x12B)
[0902/155648:WARNING:pe_image_reader.cc(281)] could not read dos header from C:\Windows\system32\WTSAPI32.dll
[0902/155648:ERROR:process_reader_win.cc(233)] ReadMemory at 0x7fef8f10000 of 64 bytes failed: ReadProcessMemory 要求または WriteProcessMemory 要求の一部だけを完了しました。 (0x12B)
[0902/155648:WARNING:pe_image_reader.cc(281)] could not read dos header from C:\Windows\system32\webio.dll
[0902/155648:ERROR:process_reader_win.cc(233)] ReadMemory at 0x7fef8f80000 of 64 bytes failed: ReadProcessMemory 要求または WriteProcessMemory 要求の一部だけを完了しました。 (0x12B)
[0902/155648:WARNING:pe_image_reader.cc(281)] could not read dos header from C:\Windows\system32\WINHTTP.dll
[0902/155648:ERROR:process_reader_win.cc(233)] ReadMemory at 0x7fef9a80000 of 64 bytes failed: ReadProcessMemory 要求または WriteProcessMemory 要求の一部だけを完了しました。 (0x12B)
[0902/155648:WARNING:pe_image_reader.cc(281)] could not read dos header from C:\Windows\system32\api-ms-win-core-synch-l1-2-0.DLL
[0902/155648:ERROR:process_reader_win.cc(233)] ReadMemory at 0x7feffb00000 of 64 bytes failed: ReadProcessMemory 要求または WriteProcessMemory 要求の一部だけを完了しました。 (0x12B)
[0902/155648:WARNING:pe_image_reader.cc(281)] could not read dos header from C:\Windows\system32\MSCTF.dll
[0902/155648:ERROR:process_reader_win.cc(233)] ReadMemory at 0x7fefe1b0000 of 64 bytes failed: ReadProcessMemory 要求または WriteProcessMemory 要求の一部だけを完了しました。 (0x12B)
[0902/155648:WARNING:pe_image_reader.cc(281)] could not read dos header from C:\Windows\system32\IMM32.DLL
[0902/155648:ERROR:process_reader_win.cc(233)] ReadMemory at 0x7feffa80000 of 64 bytes failed: ReadProcessMemory 要求または WriteProcessMemory 要求の一部だけを完了しました。 (0x12B)
[0902/155648:WARNING:pe_image_reader.cc(281)] could not read dos header from C:\Windows\system32\SHLWAPI.dll
[0902/155648:ERROR:process_reader_win.cc(233)] ReadMemory at 0x7fefe290000 of 64 bytes failed: ReadProcessMemory 要求または WriteProcessMemory 要求の一部だけを完了しました。 (0x12B)
[0902/155648:WARNING:pe_image_reader.cc(281)] could not read dos header from C:\Windows\system32\SHELL32.dll
[0902/155648:ERROR:process_reader_win.cc(233)] ReadMemory at 0x77d00000 of 64 bytes failed: ReadProcessMemory 要求または WriteProcessMemory 要求の一部だけを完了しました。 (0x12B)
[0902/155648:WARNING:pe_image_reader.cc(281)] could not read dos header from C:\Windows\system32\PSAPI.DLL
[0902/155648:ERROR:process_reader_win.cc(233)] ReadMemory at 0x7fefb6b0000 of 64 bytes failed: ReadProcessMemory 要求または WriteProcessMemory 要求の一部だけを完了しました。 (0x12B)
[0902/155648:WARNING:pe_image_reader.cc(281)] could not read dos header from C:\Windows\system32\WINSPOOL.DRV
[0902/155648:ERROR:process_reader_win.cc(233)] ReadMemory at 0x7fefc2c0000 of 64 bytes failed: ReadProcessMemory 要求または WriteProcessMemory 要求の一部だけを完了しました。 (0x12B)
[0902/155648:WARNING:pe_image_reader.cc(281)] could not read dos header from C:\Windows\WinSxS\amd64_microsoft.windows.common-controls_6595b64144ccf1df_6.0.7601.18837_none_fa3b1e3d17594757\COMCTL32.dll
[0902/155648:ERROR:process_reader_win.cc(233)] ReadMemory at 0x7fefe1f0000 of 64 bytes failed: ReadProcessMemory 要求または WriteProcessMemory 要求の一部だけを完了しました。 (0x12B)
[0902/155648:WARNING:pe_image_reader.cc(281)] could not read dos header from C:\Windows\system32\COMDLG32.dll
[0902/155648:ERROR:process_reader_win.cc(233)] ReadMemory at 0x7feffc10000 of 64 bytes failed: ReadProcessMemory 要求または WriteProcessMemory 要求の一部だけを完了しました。 (0x12B)
[0902/155648:WARNING:pe_image_reader.cc(281)] could not read dos header from C:\Windows\system32\ole32.dll
[0902/155648:ERROR:process_reader_win.cc(233)] ReadMemory at 0x7feff020000 of 64 bytes failed: ReadProcessMemory 要求または WriteProcessMemory 要求の一部だけを完了しました。 (0x12B)
[0902/155648:WARNING:pe_image_reader.cc(281)] could not read dos header from C:\Windows\system32\OLEAUT32.dll
[0902/155648:ERROR:process_reader_win.cc(233)] ReadMemory at 0x7fefe1a0000 of 64 bytes failed: ReadProcessMemory 要求または WriteProcessMemory 要求の一部だけを完了しました。 (0x12B)
[0902/155648:WARNING:pe_image_reader.cc(281)] could not read dos header from C:\Windows\system32\NSI.dll
[0902/155648:ERROR:process_reader_win.cc(233)] ReadMemory at 0x7fefb620000 of 64 bytes failed: ReadProcessMemory 要求または WriteProcessMemory 要求の一部だけを完了しました。 (0x12B)
[0902/155648:WARNING:pe_image_reader.cc(281)] could not read dos header from C:\Windows\system32\WINNSI.DLL
[0902/155648:ERROR:process_reader_win.cc(233)] ReadMemory at 0x7fefb630000 of 64 bytes failed: ReadProcessMemory 要求または WriteProcessMemory 要求の一部だけを完了しました。 (0x12B)
[0902/155648:WARNING:pe_image_reader.cc(281)] could not read dos header from C:\Windows\system32\IPHLPAPI.DLL
[0902/155648:ERROR:process_reader_win.cc(233)] ReadMemory at 0x7feff9c0000 of 64 bytes failed: ReadProcessMemory 要求または WriteProcessMemory 要求の一部だけを完了しました。 (0x12B)
[0902/155648:WARNING:pe_image_reader.cc(281)] could not read dos header from C:\Windows\system32\WS2_32.dll
[0902/155648:ERROR:process_reader_win.cc(233)] ReadMemory at 0x7fefd880000 of 64 bytes failed: ReadProcessMemory 要求または WriteProcessMemory 要求の一部だけを完了しました。 (0x12B)
[0902/155648:WARNING:pe_image_reader.cc(281)] could not read dos header from C:\Windows\system32\MSASN1.dll
[0902/155648:ERROR:process_reader_win.cc(233)] ReadMemory at 0x7fefda20000 of 64 bytes failed: ReadProcessMemory 要求または WriteProcessMemory 要求の一部だけを完了しました。 (0x12B)
[0902/155648:WARNING:pe_image_reader.cc(281)] could not read dos header from C:\Windows\system32\CRYPT32.dll
[0902/155648:ERROR:process_reader_win.cc(233)] ReadMemory at 0x7fefd900000 of 64 bytes failed: ReadProcessMemory 要求または WriteProcessMemory 要求の一部だけを完了しました。 (0x12B)
[0902/155648:WARNING:pe_image_reader.cc(281)] could not read dos header from C:\Windows\system32\WINTRUST.dll
[0902/155648:ERROR:process_reader_win.cc(233)] ReadMemory at 0x7fefd3f0000 of 64 bytes failed: ReadProcessMemory 要求または WriteProcessMemory 要求の一部だけを完了しました。 (0x12B)
[0902/155648:WARNING:pe_image_reader.cc(281)] could not read dos header from C:\Windows\system32\Secur32.dll
[0902/155648:ERROR:process_reader_win.cc(233)] ReadMemory at 0x7fefd680000 of 64 bytes failed: ReadProcessMemory 要求または WriteProcessMemory 要求の一部だけを完了しました。 (0x12B)
[0902/155648:WARNING:pe_image_reader.cc(281)] could not read dos header from C:\Windows\system32\SSPICLI.DLL
[0902/155648:ERROR:process_reader_win.cc(233)] ReadMemory at 0x7fed2ec0000 of 64 bytes failed: ReadProcessMemory 要求または WriteProcessMemory 要求の一部だけを完了しました。 (0x12B)
[0902/155648:WARNING:pe_image_reader.cc(281)] could not read dos header from C:\Program Files (x86)\Google\Chrome\Application\53.0.2785.89\chrome_child.dll
[0902/155648:ERROR:process_reader_win.cc(233)] ReadMemory at 0x7feec610000 of 64 bytes failed: ReadProcessMemory 要求または WriteProcessMemory 要求の一部だけを完了しました。 (0x12B)
[0902/155648:WARNING:pe_image_reader.cc(281)] could not read dos header from C:\Windows\system32\dwrite.dll
[0902/155648:ERROR:process_reader_win.cc(233)] ReadMemory at 0x7fefd710000 of 64 bytes failed: ReadProcessMemory 要求または WriteProcessMemory 要求の一部だけを完了しました。 (0x12B)
[0902/155648:WARNING:pe_image_reader.cc(281)] could not read dos header from C:\Windows\system32\cryptbase.dll
[0902/155648:ERROR:process_reader_win.cc(233)] ReadMemory at 0x13f2b0000 of 64 bytes failed: ReadProcessMemory 要求または WriteProcessMemory 要求の一部だけを完了しました。 (0x12B)
[0902/155648:WARNING:pe_image_reader.cc(281)] could not read dos header from C:\Program Files (x86)\Google\Chrome\Application\chrome.exe
[0902/155648:ERROR:process_reader_win.cc(233)] ReadMemory at 0x77b30000 of 64 bytes failed: ReadProcessMemory 要求または WriteProcessMemory 要求の一部だけを完了しました。 (0x12B)
[0902/155648:WARNING:pe_image_reader.cc(281)] could not read dos header from C:\Windows\SYSTEM32\ntdll.dll
[0902/155648:ERROR:process_reader_win.cc(233)] ReadMemory at 0x7fefd990000 of 64 bytes failed: ReadProcessMemory 要求または WriteProcessMemory 要求の一部だけを完了しました。 (0x12B)
[0902/155648:WARNING:pe_image_reader.cc(281)] could not read dos header from C:\Windows\system32\KERNELBASE.dll
[0902/155648:ERROR:process_reader_win.cc(233)] ReadMemory at 0x77910000 of 64 bytes failed: ReadProcessMemory 要求または WriteProcessMemory 要求の一部だけを完了しました。 (0x12B)
[0902/155648:WARNING:pe_image_reader.cc(281)] could not read dos header from C:\Windows\system32\kernel32.dll
[0902/155648:ERROR:process_reader_win.cc(233)] ReadMemory at 0x7fefe030000 of 64 bytes failed: ReadProcessMemory 要求または WriteProcessMemory 要求の一部だけを完了しました。 (0x12B)
[0902/155648:WARNING:pe_image_reader.cc(281)] could not read dos header from C:\Windows\system32\msvcrt.dll
[0902/155648:ERROR:process_reader_win.cc(233)] ReadMemory at 0x7fefdc30000 of 64 bytes failed: ReadProcessMemory 要求または WriteProcessMemory 要求の一部だけを完了しました。 (0x12B)
[0902/155648:WARNING:pe_image_reader.cc(281)] could not read dos header from C:\Windows\system32\RPCRT4.dll
[0902/155648:ERROR:process_reader_win.cc(233)] ReadMemory at 0x7feffe20000 of 64 bytes failed: ReadProcessMemory 要求または WriteProcessMemory 要求の一部だけを完了しました。 (0x12B)
[0902/155648:WARNING:pe_image_reader.cc(281)] could not read dos header from C:\Windows\SYSTEM32\sechost.dll
[0902/155648:ERROR:process_reader_win.cc(233)] ReadMemory at 0x7feff120000 of 64 bytes failed: ReadProcessMemory 要求または WriteProcessMemory 要求の一部だけを完了しました。 (0x12B)
[0902/155648:WARNING:pe_image_reader.cc(281)] could not read dos header from C:\Windows\system32\ADVAPI32.dll
[0902/155648:ERROR:process_reader_win.cc(233)] ReadMemory at 0x7fee6950000 of 64 bytes failed: ReadProcessMemory 要求または WriteProcessMemory 要求の一部だけを完了しました。 (0x12B)
[0902/155648:WARNING:pe_image_reader.cc(281)] could not read dos header from C:\Program Files (x86)\Google\Chrome\Application\53.0.2785.89\chrome_elf.dll
[0902/155648:ERROR:process_reader_win.cc(233)] ReadMemory at 0x7fefc950000 of 64 bytes failed: ReadProcessMemory 要求または WriteProcessMemory 要求の一部だけを完了しました。 (0x12B)
[0902/155648:WARNING:pe_image_reader.cc(281)] could not read dos header from C:\Windows\system32\VERSION.dll
[0902/155648:ERROR:process_reader_win.cc(233)] ReadMemory at 0x7fefe0d0000 of 64 bytes failed: ReadProcessMemory 要求または WriteProcessMemory 要求の一部だけを完了しました。 (0x12B)
[0902/155648:WARNING:pe_image_reader.cc(281)] could not read dos header from C:\Windows\system32\USP10.dll
[0902/155648:ERROR:process_reader_win.cc(233)] ReadMemory at 0x7fefe1e0000 of 64 bytes failed: ReadProcessMemory 要求または WriteProcessMemory 要求の一部だけを完了しました。 (0x12B)
[0902/155648:WARNING:pe_image_reader.cc(281)] could not read dos header from C:\Windows\system32\LPK.dll
[0902/155648:ERROR:process_reader_win.cc(233)] ReadMemory at 0x7feffa10000 of 64 bytes failed: ReadProcessMemory 要求または WriteProcessMemory 要求の一部だけを完了しました。 (0x12B)
[0902/155648:WARNING:pe_image_reader.cc(281)] could not read dos header from C:\Windows\system32\GDI32.dll
[0902/155648:ERROR:process_reader_win.cc(233)] ReadMemory at 0x77a30000 of 64 bytes failed: ReadProcessMemory 要求または WriteProcessMemory 要求の一部だけを完了しました。 (0x12B)
[0902/155648:WARNING:pe_image_reader.cc(281)] could not read dos header from C:\Windows\system32\USER32.dll
[0902/155648:ERROR:process_reader_win.cc(233)] ReadMemory at 0x7fefb740000 of 64 bytes failed: ReadProcessMemory 要求または WriteProcessMemory 要求の一部だけを完了しました。 (0x12B)
[0902/155648:WARNING:pe_image_reader.cc(281)] could not read dos header from C:\Windows\system32\WINMM.dll
[0902/155648:ERROR:process_reader_win.cc(233)] ReadMemory at 0x7fefd870000 of 64 bytes failed: ReadProcessMemory 要求または WriteProcessMemory 要求の一部だけを完了しました。 (0x12B)
[0902/155648:WARNING:pe_image_reader.cc(281)] could not read dos header from C:\Windows\system32\profapi.dll
[0902/155648:ERROR:process_reader_win.cc(233)] ReadMemory at 0x7fefda00000 of 64 bytes failed: ReadProcessMemory 要求または WriteProcessMemory 要求の一部だけを完了しました。 (0x12B)
[0902/155648:WARNING:pe_image_reader.cc(281)] could not read dos header from C:\Windows\system32\USERENV.dll
[0902/155648:ERROR:process_reader_win.cc(233)] ReadMemory at 0x7fefb790000 of 64 bytes failed: ReadProcessMemory 要求または WriteProcessMemory 要求の一部だけを完了しました。 (0x12B)
[0902/155648:WARNING:pe_image_reader.cc(281)] could not read dos header from C:\Windows\system32\WTSAPI32.dll
[0902/155648:ERROR:process_reader_win.cc(233)] ReadMemory at 0x7fef8f10000 of 64 bytes failed: ReadProcessMemory 要求または WriteProcessMemory 要求の一部だけを完了しました。 (0x12B)
[0902/155648:WARNING:pe_image_reader.cc(281)] could not read dos header from C:\Windows\system32\webio.dll
[0902/155648:ERROR:process_reader_win.cc(233)] ReadMemory at 0x7fef8f80000 of 64 bytes failed: ReadProcessMemory 要求または WriteProcessMemory 要求の一部だけを完了しました。 (0x12B)
[0902/155648:WARNING:pe_image_reader.cc(281)] could not read dos header from C:\Windows\system32\WINHTTP.dll
[0902/155648:ERROR:process_reader_win.cc(233)] ReadMemory at 0x7fef9a80000 of 64 bytes failed: ReadProcessMemory 要求または WriteProcessMemory 要求の一部だけを完了しました。 (0x12B)
[0902/155648:WARNING:pe_image_reader.cc(281)] could not read dos header from C:\Windows\system32\api-ms-win-core-synch-l1-2-0.DLL
[0902/155648:ERROR:process_reader_win.cc(233)] ReadMemory at 0x7feffb00000 of 64 bytes failed: ReadProcessMemory 要求または WriteProcessMemory 要求の一部だけを完了しました。 (0x12B)
[0902/155648:WARNING:pe_image_reader.cc(281)] could not read dos header from C:\Windows\system32\MSCTF.dll
[0902/155648:ERROR:process_reader_win.cc(233)] ReadMemory at 0x7fefe1b0000 of 64 bytes failed: ReadProcessMemory 要求または WriteProcessMemory 要求の一部だけを完了しました。 (0x12B)
[0902/155648:WARNING:pe_image_reader.cc(281)] could not read dos header from C:\Windows\system32\IMM32.DLL
[0902/155648:ERROR:process_reader_win.cc(233)] ReadMemory at 0x7feffa80000 of 64 bytes failed: ReadProcessMemory 要求または WriteProcessMemory 要求の一部だけを完了しました。 (0x12B)
[0902/155648:WARNING:pe_image_reader.cc(281)] could not read dos header from C:\Windows\system32\SHLWAPI.dll
[0902/155648:ERROR:process_reader_win.cc(233)] ReadMemory at 0x7fefe290000 of 64 bytes failed: ReadProcessMemory 要求または WriteProcessMemory 要求の一部だけを完了しました。 (0x12B)
[0902/155648:WARNING:pe_image_reader.cc(281)] could not read dos header from C:\Windows\system32\SHELL32.dll
[0902/155648:ERROR:process_reader_win.cc(233)] ReadMemory at 0x77d00000 of 64 bytes failed: ReadProcessMemory 要求または WriteProcessMemory 要求の一部だけを完了しました。 (0x12B)
[0902/155648:WARNING:pe_image_reader.cc(281)] could not read dos header from C:\Windows\system32\PSAPI.DLL
[0902/155648:ERROR:process_reader_win.cc(233)] ReadMemory at 0x7fefb6b0000 of 64 bytes failed: ReadProcessMemory 要求または WriteProcessMemory 要求の一部だけを完了しました。 (0x12B)
[0902/155648:WARNING:pe_image_reader.cc(281)] could not read dos header from C:\Windows\system32\WINSPOOL.DRV
[0902/155648:ERROR:process_reader_win.cc(233)] ReadMemory at 0x7fefc2c0000 of 64 bytes failed: ReadProcessMemory 要求または WriteProcessMemory 要求の一部だけを完了しました。 (0x12B)
[0902/155648:WARNING:pe_image_reader.cc(281)] could not read dos header from C:\Windows\WinSxS\amd64_microsoft.windows.common-controls_6595b64144ccf1df_6.0.7601.18837_none_fa3b1e3d17594757\COMCTL32.dll
[0902/155648:ERROR:process_reader_win.cc(233)] ReadMemory at 0x7fefe1f0000 of 64 bytes failed: ReadProcessMemory 要求または WriteProcessMemory 要求の一部だけを完了しました。 (0x12B)
[0902/155648:WARNING:pe_image_reader.cc(281)] could not read dos header from C:\Windows\system32\COMDLG32.dll
[0902/155648:ERROR:process_reader_win.cc(233)] ReadMemory at 0x7feffc10000 of 64 bytes failed: ReadProcessMemory 要求または WriteProcessMemory 要求の一部だけを完了しました。 (0x12B)
[0902/155648:WARNING:pe_image_reader.cc(281)] could not read dos header from C:\Windows\system32\ole32.dll
[0902/155648:ERROR:process_reader_win.cc(233)] ReadMemory at 0x7feff020000 of 64 bytes failed: ReadProcessMemory 要求または WriteProcessMemory 要求の一部だけを完了しました。 (0x12B)
[0902/155648:WARNING:pe_image_reader.cc(281)] could not read dos header from C:\Windows\system32\OLEAUT32.dll
[0902/155648:ERROR:process_reader_win.cc(233)] ReadMemory at 0x7fefe1a0000 of 64 bytes failed: ReadProcessMemory 要求または WriteProcessMemory 要求の一部だけを完了しました。 (0x12B)
[0902/155648:WARNING:pe_image_reader.cc(281)] could not read dos header from C:\Windows\system32\NSI.dll
[0902/155648:ERROR:process_reader_win.cc(233)] ReadMemory at 0x7fefb620000 of 64 bytes failed: ReadProcessMemory 要求または WriteProcessMemory 要求の一部だけを完了しました。 (0x12B)
[0902/155648:WARNING:pe_image_reader.cc(281)] could not read dos header from C:\Windows\system32\WINNSI.DLL
[0902/155648:ERROR:process_reader_win.cc(233)] ReadMemory at 0x7fefb630000 of 64 bytes failed: ReadProcessMemory 要求または WriteProcessMemory 要求の一部だけを完了しました。 (0x12B)
[0902/155648:WARNING:pe_image_reader.cc(281)] could not read dos header from C:\Windows\system32\IPHLPAPI.DLL
[0902/155648:ERROR:process_reader_win.cc(233)] ReadMemory at 0x7feff9c0000 of 64 bytes failed: ReadProcessMemory 要求または WriteProcessMemory 要求の一部だけを完了しました。 (0x12B)
[0902/155648:WARNING:pe_image_reader.cc(281)] could not read dos header from C:\Windows\system32\WS2_32.dll
[0902/155648:ERROR:process_reader_win.cc(233)] ReadMemory at 0x7fefd880000 of 64 bytes failed: ReadProcessMemory 要求または WriteProcessMemory 要求の一部だけを完了しました。 (0x12B)
[0902/155648:WARNING:pe_image_reader.cc(281)] could not read dos header from C:\Windows\system32\MSASN1.dll
[0902/155648:ERROR:process_reader_win.cc(233)] ReadMemory at 0x7fefda20000 of 64 bytes failed: ReadProcessMemory 要求または WriteProcessMemory 要求の一部だけを完了しました。 (0x12B)
[0902/155648:WARNING:pe_image_reader.cc(281)] could not read dos header from C:\Windows\system32\CRYPT32.dll
[0902/155648:ERROR:process_reader_win.cc(233)] ReadMemory at 0x7fefd900000 of 64 bytes failed: ReadProcessMemory 要求または WriteProcessMemory 要求の一部だけを完了しました。 (0x12B)
[0902/155648:WARNING:pe_image_reader.cc(281)] could not read dos header from C:\Windows\system32\WINTRUST.dll
[0902/155648:ERROR:process_reader_win.cc(233)] ReadMemory at 0x7fefd3f0000 of 64 bytes failed: ReadProcessMemory 要求または WriteProcessMemory 要求の一部だけを完了しました。 (0x12B)
[0902/155648:WARNING:pe_image_reader.cc(281)] could not read dos header from C:\Windows\system32\Secur32.dll
[0902/155648:ERROR:process_reader_win.cc(233)] ReadMemory at 0x7fefd680000 of 64 bytes failed: ReadProcessMemory 要求または WriteProcessMemory 要求の一部だけを完了しました。 (0x12B)
[0902/155648:WARNING:pe_image_reader.cc(281)] could not read dos header from C:\Windows\system32\SSPICLI.DLL
[0902/155648:ERROR:process_reader_win.cc(233)] ReadMemory at 0x7fed2ec0000 of 64 bytes failed: ReadProcessMemory 要求または WriteProcessMemory 要求の一部だけを完了しました。 (0x12B)
[0902/155648:WARNING:pe_image_reader.cc(281)] could not read dos header from C:\Program Files (x86)\Google\Chrome\Application\53.0.2785.89\chrome_child.dll
[0902/155648:ERROR:process_reader_win.cc(233)] ReadMemory at 0x7feec610000 of 64 bytes failed: ReadProcessMemory 要求または WriteProcessMemory 要求の一部だけを完了しました。 (0x12B)
[0902/155648:WARNING:pe_image_reader.cc(281)] could not read dos header from C:\Windows\system32\dwrite.dll
[0902/155648:ERROR:process_reader_win.cc(233)] ReadMemory at 0x7fefd710000 of 64 bytes failed: ReadProcessMemory 要求または WriteProcessMemory 要求の一部だけを完了しました。 (0x12B)
[0902/155648:WARNING:pe_image_reader.cc(281)] could not read dos header from C:\Windows\system32\cryptbase.dll
[0902/155648:ERROR:process_reader_win.cc(233)] ReadMemory at 0x13f2b0000 of 64 bytes failed: ReadProcessMemory 要求または WriteProcessMemory 要求の一部だけを完了しました。 (0x12B)
[0902/155648:WARNING:pe_image_reader.cc(281)] could not read dos header from C:\Program Files (x86)\Google\Chrome\Application\chrome.exe
[0902/155648:ERROR:process_reader_win.cc(233)] ReadMemory at 0x77b30000 of 64 bytes failed: ReadProcessMemory 要求または WriteProcessMemory 要求の一部だけを完了しました。 (0x12B)
[0902/155648:WARNING:pe_image_reader.cc(281)] could not read dos header from C:\Windows\SYSTEM32\ntdll.dll
[0902/155648:ERROR:process_reader_win.cc(233)] ReadMemory at 0x7fefd990000 of 64 bytes failed: ReadProcessMemory 要求または WriteProcessMemory 要求の一部だけを完了しました。 (0x12B)
[0902/155648:WARNING:pe_image_reader.cc(281)] could not read dos header from C:\Windows\system32\KERNELBASE.dll
[0902/155648:ERROR:process_reader_win.cc(233)] ReadMemory at 0x77910000 of 64 bytes failed: ReadProcessMemory 要求または WriteProcessMemory 要求の一部だけを完了しました。 (0x12B)
[0902/155648:WARNING:pe_image_reader.cc(281)] could not read dos header from C:\Windows\system32\kernel32.dll
[0902/155648:ERROR:process_reader_win.cc(233)] ReadMemory at 0x7fefe030000 of 64 bytes failed: ReadProcessMemory 要求または WriteProcessMemory 要求の一部だけを完了しました。 (0x12B)
[0902/155648:WARNING:pe_image_reader.cc(281)] could not read dos header from C:\Windows\system32\msvcrt.dll
[0902/155648:ERROR:process_reader_win.cc(233)] ReadMemory at 0x7fefdc30000 of 64 bytes failed: ReadProcessMemory 要求または WriteProcessMemory 要求の一部だけを完了しました。 (0x12B)
[0902/155648:WARNING:pe_image_reader.cc(281)] could not read dos header from C:\Windows\system32\RPCRT4.dll
[0902/155648:ERROR:process_reader_win.cc(233)] ReadMemory at 0x7feffe20000 of 64 bytes failed: ReadProcessMemory 要求または WriteProcessMemory 要求の一部だけを完了しました。 (0x12B)
[0902/155648:WARNING:pe_image_reader.cc(281)] could not read dos header from C:\Windows\SYSTEM32\sechost.dll
[0902/155648:ERROR:process_reader_win.cc(233)] ReadMemory at 0x7feff120000 of 64 bytes failed: ReadProcessMemory 要求または WriteProcessMemory 要求の一部だけを完了しました。 (0x12B)
[0902/155648:WARNING:pe_image_reader.cc(281)] could not read dos header from C:\Windows\system32\ADVAPI32.dll
[0902/155648:ERROR:process_reader_win.cc(233)] ReadMemory at 0x7fee6950000 of 64 bytes failed: ReadProcessMemory 要求または WriteProcessMemory 要求の一部だけを完了しました。 (0x12B)
[0902/155648:WARNING:pe_image_reader.cc(281)] could not read dos header from C:\Program Files (x86)\Google\Chrome\Application\53.0.2785.89\chrome_elf.dll
[0902/155648:ERROR:process_reader_win.cc(233)] ReadMemory at 0x7fefc950000 of 64 bytes failed: ReadProcessMemory 要求または WriteProcessMemory 要求の一部だけを完了しました。 (0x12B)
[0902/155648:WARNING:pe_image_reader.cc(281)] could not read dos header from C:\Windows\system32\VERSION.dll
[0902/155648:ERROR:process_reader_win.cc(233)] ReadMemory at 0x7fefe0d0000 of 64 bytes failed: ReadProcessMemory 要求または WriteProcessMemory 要求の一部だけを完了しました。 (0x12B)
[0902/155648:WARNING:pe_image_reader.cc(281)] could not read dos header from C:\Windows\system32\USP10.dll
[0902/155648:ERROR:process_reader_win.cc(233)] ReadMemory at 0x7fefe1e0000 of 64 bytes failed: ReadProcessMemory 要求または WriteProcessMemory 要求の一部だけを完了しました。 (0x12B)
[0902/155648:WARNING:pe_image_reader.cc(281)] could not read dos header from C:\Windows\system32\LPK.dll
[0902/155648:ERROR:process_reader_win.cc(233)] ReadMemory at 0x7feffa10000 of 64 bytes failed: ReadProcessMemory 要求または WriteProcessMemory 要求の一部だけを完了しました。 (0x12B)
[0902/155648:WARNING:pe_image_reader.cc(281)] could not read dos header from C:\Windows\system32\GDI32.dll
[0902/155648:ERROR:process_reader_win.cc(233)] ReadMemory at 0x77a30000 of 64 bytes failed: ReadProcessMemory 要求または WriteProcessMemory 要求の一部だけを完了しました。 (0x12B)
[0902/155648:WARNING:pe_image_reader.cc(281)] could not read dos header from C:\Windows\system32\USER32.dll
[0902/155648:ERROR:process_reader_win.cc(233)] ReadMemory at 0x7fefb740000 of 64 bytes failed: ReadProcessMemory 要求または WriteProcessMemory 要求の一部だけを完了しました。 (0x12B)
[0902/155648:WARNING:pe_image_reader.cc(281)] could not read dos header from C:\Windows\system32\WINMM.dll
[0902/155648:ERROR:process_reader_win.cc(233)] ReadMemory at 0x7fefd870000 of 64 bytes failed: ReadProcessMemory 要求または WriteProcessMemory 要求の一部だけを完了しました。 (0x12B)
[0902/155648:WARNING:pe_image_reader.cc(281)] could not read dos header from C:\Windows\system32\profapi.dll
[0902/155648:ERROR:process_reader_win.cc(233)] ReadMemory at 0x7fefda00000 of 64 bytes failed: ReadProcessMemory 要求または WriteProcessMemory 要求の一部だけを完了しました。 (0x12B)
[0902/155648:WARNING:pe_image_reader.cc(281)] could not read dos header from C:\Windows\system32\USERENV.dll
[0902/155648:ERROR:process_reader_win.cc(233)] ReadMemory at 0x7fefb790000 of 64 bytes failed: ReadProcessMemory 要求または WriteProcessMemory 要求の一部だけを完了しました。 (0x12B)
[0902/155648:WARNING:pe_image_reader.cc(281)] could not read dos header from C:\Windows\system32\WTSAPI32.dll
[0902/155648:ERROR:process_reader_win.cc(233)] ReadMemory at 0x7fef8f10000 of 64 bytes failed: ReadProcessMemory 要求または WriteProcessMemory 要求の一部だけを完了しました。 (0x12B)
[0902/155648:WARNING:pe_image_reader.cc(281)] could not read dos header from C:\Windows\system32\webio.dll
[0902/155648:ERROR:process_reader_win.cc(233)] ReadMemory at 0x7fef8f80000 of 64 bytes failed: ReadProcessMemory 要求または WriteProcessMemory 要求の一部だけを完了しました。 (0x12B)
[0902/155648:WARNING:pe_image_reader.cc(281)] could not read dos header from C:\Windows\system32\WINHTTP.dll
[0902/155648:ERROR:process_reader_win.cc(233)] ReadMemory at 0x7fef9a80000 of 64 bytes failed: ReadProcessMemory 要求または WriteProcessMemory 要求の一部だけを完了しました。 (0x12B)
[0902/155648:WARNING:pe_image_reader.cc(281)] could not read dos header from C:\Windows\system32\api-ms-win-core-synch-l1-2-0.DLL
[0902/155648:ERROR:process_reader_win.cc(233)] ReadMemory at 0x7feffb00000 of 64 bytes failed: ReadProcessMemory 要求または WriteProcessMemory 要求の一部だけを完了しました。 (0x12B)
[0902/155648:WARNING:pe_image_reader.cc(281)] could not read dos header from C:\Windows\system32\MSCTF.dll
[0902/155648:ERROR:process_reader_win.cc(233)] ReadMemory at 0x7fefe1b0000 of 64 bytes failed: ReadProcessMemory 要求または WriteProcessMemory 要求の一部だけを完了しました。 (0x12B)
[0902/155648:WARNING:pe_image_reader.cc(281)] could not read dos header from C:\Windows\system32\IMM32.DLL
[0902/155648:ERROR:process_reader_win.cc(233)] ReadMemory at 0x7feffa80000 of 64 bytes failed: ReadProcessMemory 要求または WriteProcessMemory 要求の一部だけを完了しました。 (0x12B)
[0902/155648:WARNING:pe_image_reader.cc(281)] could not read dos header from C:\Windows\system32\SHLWAPI.dll
[0902/155648:ERROR:process_reader_win.cc(233)] ReadMemory at 0x7fefe290000 of 64 bytes failed: ReadProcessMemory 要求または WriteProcessMemory 要求の一部だけを完了しました。 (0x12B)
[0902/155648:WARNING:pe_image_reader.cc(281)] could not read dos header from C:\Windows\system32\SHELL32.dll
[0902/155648:ERROR:process_reader_win.cc(233)] ReadMemory at 0x77d00000 of 64 bytes failed: ReadProcessMemory 要求または WriteProcessMemory 要求の一部だけを完了しました。 (0x12B)
[0902/155648:WARNING:pe_image_reader.cc(281)] could not read dos header from C:\Windows\system32\PSAPI.DLL
[0902/155648:ERROR:process_reader_win.cc(233)] ReadMemory at 0x7fefb6b0000 of 64 bytes failed: ReadProcessMemory 要求または WriteProcessMemory 要求の一部だけを完了しました。 (0x12B)
[0902/155648:WARNING:pe_image_reader.cc(281)] could not read dos header from C:\Windows\system32\WINSPOOL.DRV
[0902/155648:ERROR:process_reader_win.cc(233)] ReadMemory at 0x7fefc2c0000 of 64 bytes failed: ReadProcessMemory 要求または WriteProcessMemory 要求の一部だけを完了しました。 (0x12B)
[0902/155648:WARNING:pe_image_reader.cc(281)] could not read dos header from C:\Windows\WinSxS\amd64_microsoft.windows.common-controls_6595b64144ccf1df_6.0.7601.18837_none_fa3b1e3d17594757\COMCTL32.dll
[0902/155648:ERROR:process_reader_win.cc(233)] ReadMemory at 0x7fefe1f0000 of 64 bytes failed: ReadProcessMemory 要求または WriteProcessMemory 要求の一部だけを完了しました。 (0x12B)
[0902/155648:WARNING:pe_image_reader.cc(281)] could not read dos header from C:\Windows\system32\COMDLG32.dll
[0902/155648:ERROR:process_reader_win.cc(233)] ReadMemory at 0x7feffc10000 of 64 bytes failed: ReadProcessMemory 要求または WriteProcessMemory 要求の一部だけを完了しました。 (0x12B)
[0902/155648:WARNING:pe_image_reader.cc(281)] could not read dos header from C:\Windows\system32\ole32.dll
[0902/155648:ERROR:process_reader_win.cc(233)] ReadMemory at 0x7feff020000 of 64 bytes failed: ReadProcessMemory 要求または WriteProcessMemory 要求の一部だけを完了しました。 (0x12B)
[0902/155648:WARNING:pe_image_reader.cc(281)] could not read dos header from C:\Windows\system32\OLEAUT32.dll
[0902/155648:ERROR:process_reader_win.cc(233)] ReadMemory at 0x7fefe1a0000 of 64 bytes failed: ReadProcessMemory 要求または WriteProcessMemory 要求の一部だけを完了しました。 (0x12B)
[0902/155648:WARNING:pe_image_reader.cc(281)] could not read dos header from C:\Windows\system32\NSI.dll
[0902/155648:ERROR:process_reader_win.cc(233)] ReadMemory at 0x7fefb620000 of 64 bytes failed: ReadProcessMemory 要求または WriteProcessMemory 要求の一部だけを完了しました。 (0x12B)
[0902/155648:WARNING:pe_image_reader.cc(281)] could not read dos header from C:\Windows\system32\WINNSI.DLL
[0902/155648:ERROR:process_reader_win.cc(233)] ReadMemory at 0x7fefb630000 of 64 bytes failed: ReadProcessMemory 要求または WriteProcessMemory 要求の一部だけを完了しました。 (0x12B)
[0902/155648:WARNING:pe_image_reader.cc(281)] could not read dos header from C:\Windows\system32\IPHLPAPI.DLL
[0902/155648:ERROR:process_reader_win.cc(233)] ReadMemory at 0x7feff9c0000 of 64 bytes failed: ReadProcessMemory 要求または WriteProcessMemory 要求の一部だけを完了しました。 (0x12B)
[0902/155648:WARNING:pe_image_reader.cc(281)] could not read dos header from C:\Windows\system32\WS2_32.dll
[0902/155648:ERROR:process_reader_win.cc(233)] ReadMemory at 0x7fefd880000 of 64 bytes failed: ReadProcessMemory 要求または WriteProcessMemory 要求の一部だけを完了しました。 (0x12B)
[0902/155648:WARNING:pe_image_reader.cc(281)] could not read dos header from C:\Windows\system32\MSASN1.dll
[0902/155648:ERROR:process_reader_win.cc(233)] ReadMemory at 0x7fefda20000 of 64 bytes failed: ReadProcessMemory 要求または WriteProcessMemory 要求の一部だけを完了しました。 (0x12B)
[0902/155648:WARNING:pe_image_reader.cc(281)] could not read dos header from C:\Windows\system32\CRYPT32.dll
[0902/155648:ERROR:process_reader_win.cc(233)] ReadMemory at 0x7fefd900000 of 64 bytes failed: ReadProcessMemory 要求または WriteProcessMemory 要求の一部だけを完了しました。 (0x12B)
[0902/155648:WARNING:pe_image_reader.cc(281)] could not read dos header from C:\Windows\system32\WINTRUST.dll
[0902/155648:ERROR:process_reader_win.cc(233)] ReadMemory at 0x7fefd3f0000 of 64 bytes failed: ReadProcessMemory 要求または WriteProcessMemory 要求の一部だけを完了しました。 (0x12B)
[0902/155648:WARNING:pe_image_reader.cc(281)] could not read dos header from C:\Windows\system32\Secur32.dll
[0902/155648:ERROR:process_reader_win.cc(233)] ReadMemory at 0x7fefd680000 of 64 bytes failed: ReadProcessMemory 要求または WriteProcessMemory 要求の一部だけを完了しました。 (0x12B)
[0902/155648:WARNING:pe_image_reader.cc(281)] could not read dos header from C:\Windows\system32\SSPICLI.DLL
[0902/155648:ERROR:process_reader_win.cc(233)] ReadMemory at 0x7fed2ec0000 of 64 bytes failed: ReadProcessMemory 要求または WriteProcessMemory 要求の一部だけを完了しました。 (0x12B)
[0902/155648:WARNING:pe_image_reader.cc(281)] could not read dos header from C:\Program Files (x86)\Google\Chrome\Application\53.0.2785.89\chrome_child.dll
[0902/155648:ERROR:process_reader_win.cc(233)] ReadMemory at 0x7feec610000 of 64 bytes failed: ReadProcessMemory 要求または WriteProcessMemory 要求の一部だけを完了しました。 (0x12B)
[0902/155648:WARNING:pe_image_reader.cc(281)] could not read dos header from C:\Windows\system32\dwrite.dll
[0902/155648:ERROR:process_reader_win.cc(233)] ReadMemory at 0x7fefd710000 of 64 bytes failed: ReadProcessMemory 要求または WriteProcessMemory 要求の一部だけを完了しました。 (0x12B)
[0902/155648:WARNING:pe_image_reader.cc(281)] could not read dos header from C:\Windows\system32\cryptbase.dll
[0902/155648:ERROR:process_reader_win.cc(233)] ReadMemory at 0x13f2b0000 of 64 bytes failed: ReadProcessMemory 要求または WriteProcessMemory 要求の一部だけを完了しました。 (0x12B)
[0902/155648:WARNING:pe_image_reader.cc(281)] could not read dos header from C:\Program Files (x86)\Google\Chrome\Application\chrome.exe
[0902/155648:ERROR:process_reader_win.cc(233)] ReadMemory at 0x77b30000 of 64 bytes failed: ReadProcessMemory 要求または WriteProcessMemory 要求の一部だけを完了しました。 (0x12B)
[0902/155648:WARNING:pe_image_reader.cc(281)] could not read dos header from C:\Windows\SYSTEM32\ntdll.dll
[0902/155648:ERROR:process_reader_win.cc(233)] ReadMemory at 0x7fefd990000 of 64 bytes failed: ReadProcessMemory 要求または WriteProcessMemory 要求の一部だけを完了しました。 (0x12B)
[0902/155648:WARNING:pe_image_reader.cc(281)] could not read dos header from C:\Windows\system32\KERNELBASE.dll
[0902/155648:ERROR:process_reader_win.cc(233)] ReadMemory at 0x77910000 of 64 bytes failed: ReadProcessMemory 要求または WriteProcessMemory 要求の一部だけを完了しました。 (0x12B)
[0902/155648:WARNING:pe_image_reader.cc(281)] could not read dos header from C:\Windows\system32\kernel32.dll
[0902/155648:ERROR:process_reader_win.cc(233)] ReadMemory at 0x7fefe030000 of 64 bytes failed: ReadProcessMemory 要求または WriteProcessMemory 要求の一部だけを完了しました。 (0x12B)
[0902/155648:WARNING:pe_image_reader.cc(281)] could not read dos header from C:\Windows\system32\msvcrt.dll
[0902/155648:ERROR:process_reader_win.cc(233)] ReadMemory at 0x7fefdc30000 of 64 bytes failed: ReadProcessMemory 要求または WriteProcessMemory 要求の一部だけを完了しました。 (0x12B)
[0902/155648:WARNING:pe_image_reader.cc(281)] could not read dos header from C:\Windows\system32\RPCRT4.dll
[0902/155648:ERROR:process_reader_win.cc(233)] ReadMemory at 0x7feffe20000 of 64 bytes failed: ReadProcessMemory 要求または WriteProcessMemory 要求の一部だけを完了しました。 (0x12B)
[0902/155648:WARNING:pe_image_reader.cc(281)] could not read dos header from C:\Windows\SYSTEM32\sechost.dll
[0902/155648:ERROR:process_reader_win.cc(233)] ReadMemory at 0x7feff120000 of 64 bytes failed: ReadProcessMemory 要求または WriteProcessMemory 要求の一部だけを完了しました。 (0x12B)
[0902/155648:WARNING:pe_image_reader.cc(281)] could not read dos header from C:\Windows\system32\ADVAPI32.dll
[0902/155648:ERROR:process_reader_win.cc(233)] ReadMemory at 0x7fee6950000 of 64 bytes failed: ReadProcessMemory 要求または WriteProcessMemory 要求の一部だけを完了しました。 (0x12B)
[0902/155648:WARNING:pe_image_reader.cc(281)] could not read dos header from C:\Program Files (x86)\Google\Chrome\Application\53.0.2785.89\chrome_elf.dll
[0902/155648:ERROR:process_reader_win.cc(233)] ReadMemory at 0x7fefc950000 of 64 bytes failed: ReadProcessMemory 要求または WriteProcessMemory 要求の一部だけを完了しました。 (0x12B)
[0902/155648:WARNING:pe_image_reader.cc(281)] could not read dos header from C:\Windows\system32\VERSION.dll
[0902/155648:ERROR:process_reader_win.cc(233)] ReadMemory at 0x7fefe0d0000 of 64 bytes failed: ReadProcessMemory 要求または WriteProcessMemory 要求の一部だけを完了しました。 (0x12B)
[0902/155648:WARNING:pe_image_reader.cc(281)] could not read dos header from C:\Windows\system32\USP10.dll
[0902/155648:ERROR:process_reader_win.cc(233)] ReadMemory at 0x7fefe1e0000 of 64 bytes failed: ReadProcessMemory 要求または WriteProcessMemory 要求の一部だけを完了しました。 (0x12B)
[0902/155648:WARNING:pe_image_reader.cc(281)] could not read dos header from C:\Windows\system32\LPK.dll
[0902/155648:ERROR:process_reader_win.cc(233)] ReadMemory at 0x7feffa10000 of 64 bytes failed: ReadProcessMemory 要求または WriteProcessMemory 要求の一部だけを完了しました。 (0x12B)
[0902/155648:WARNING:pe_image_reader.cc(281)] could not read dos header from C:\Windows\system32\GDI32.dll
[0902/155648:ERROR:process_reader_win.cc(233)] ReadMemory at 0x77a30000 of 64 bytes failed: ReadProcessMemory 要求または WriteProcessMemory 要求の一部だけを完了しました。 (0x12B)
[0902/155648:WARNING:pe_image_reader.cc(281)] could not read dos header from C:\Windows\system32\USER32.dll
[0902/155648:ERROR:process_reader_win.cc(233)] ReadMemory at 0x7fefb740000 of 64 bytes failed: ReadProcessMemory 要求または WriteProcessMemory 要求の一部だけを完了しました。 (0x12B)
[0902/155648:WARNING:pe_image_reader.cc(281)] could not read dos header from C:\Windows\system32\WINMM.dll
[0902/155648:ERROR:process_reader_win.cc(233)] ReadMemory at 0x7fefd870000 of 64 bytes failed: ReadProcessMemory 要求または WriteProcessMemory 要求の一部だけを完了しました。 (0x12B)
[0902/155648:WARNING:pe_image_reader.cc(281)] could not read dos header from C:\Windows\system32\profapi.dll
[0902/155648:ERROR:process_reader_win.cc(233)] ReadMemory at 0x7fefda00000 of 64 bytes failed: ReadProcessMemory 要求または WriteProcessMemory 要求の一部だけを完了しました。 (0x12B)
[0902/155648:WARNING:pe_image_reader.cc(281)] could not read dos header from C:\Windows\system32\USERENV.dll
[0902/155648:ERROR:process_reader_win.cc(233)] ReadMemory at 0x7fefb790000 of 64 bytes failed: ReadProcessMemory 要求または WriteProcessMemory 要求の一部だけを完了しました。 (0x12B)
[0902/155648:WARNING:pe_image_reader.cc(281)] could not read dos header from C:\Windows\system32\WTSAPI32.dll
[0902/155648:ERROR:process_reader_win.cc(233)] ReadMemory at 0x7fef8f10000 of 64 bytes failed: ReadProcessMemory 要求または WriteProcessMemory 要求の一部だけを完了しました。 (0x12B)
[0902/155648:WARNING:pe_image_reader.cc(281)] could not read dos header from C:\Windows\system32\webio.dll
[0902/155648:ERROR:process_reader_win.cc(233)] ReadMemory at 0x7fef8f80000 of 64 bytes failed: ReadProcessMemory 要求または WriteProcessMemory 要求の一部だけを完了しました。 (0x12B)
[0902/155648:WARNING:pe_image_reader.cc(281)] could not read dos header from C:\Windows\system32\WINHTTP.dll
[0902/155648:ERROR:process_reader_win.cc(233)] ReadMemory at 0x7fef9a80000 of 64 bytes failed: ReadProcessMemory 要求または WriteProcessMemory 要求の一部だけを完了しました。 (0x12B)
[0902/155648:WARNING:pe_image_reader.cc(281)] could not read dos header from C:\Windows\system32\api-ms-win-core-synch-l1-2-0.DLL
[0902/155648:ERROR:process_reader_win.cc(233)] ReadMemory at 0x7feffb00000 of 64 bytes failed: ReadProcessMemory 要求または WriteProcessMemory 要求の一部だけを完了しました。 (0x12B)
[0902/155648:WARNING:pe_image_reader.cc(281)] could not read dos header from C:\Windows\system32\MSCTF.dll
[0902/155648:ERROR:process_reader_win.cc(233)] ReadMemory at 0x7fefe1b0000 of 64 bytes failed: ReadProcessMemory 要求または WriteProcessMemory 要求の一部だけを完了しました。 (0x12B)
[0902/155648:WARNING:pe_image_reader.cc(281)] could not read dos header from C:\Windows\system32\IMM32.DLL
[0902/155648:ERROR:process_reader_win.cc(233)] ReadMemory at 0x7feffa80000 of 64 bytes failed: ReadProcessMemory 要求または WriteProcessMemory 要求の一部だけを完了しました。 (0x12B)
[0902/155648:WARNING:pe_image_reader.cc(281)] could not read dos header from C:\Windows\system32\SHLWAPI.dll
[0902/155648:ERROR:process_reader_win.cc(233)] ReadMemory at 0x7fefe290000 of 64 bytes failed: ReadProcessMemory 要求または WriteProcessMemory 要求の一部だけを完了しました。 (0x12B)
[0902/155648:WARNING:pe_image_reader.cc(281)] could not read dos header from C:\Windows\system32\SHELL32.dll
[0902/155648:ERROR:process_reader_win.cc(233)] ReadMemory at 0x77d00000 of 64 bytes failed: ReadProcessMemory 要求または WriteProcessMemory 要求の一部だけを完了しました。 (0x12B)
[0902/155648:WARNING:pe_image_reader.cc(281)] could not read dos header from C:\Windows\system32\PSAPI.DLL
[0902/155648:ERROR:process_reader_win.cc(233)] ReadMemory at 0x7fefb6b0000 of 64 bytes failed: ReadProcessMemory 要求または WriteProcessMemory 要求の一部だけを完了しました。 (0x12B)
[0902/155648:WARNING:pe_image_reader.cc(281)] could not read dos header from C:\Windows\system32\WINSPOOL.DRV
[0902/155648:ERROR:process_reader_win.cc(233)] ReadMemory at 0x7fefc2c0000 of 64 bytes failed: ReadProcessMemory 要求または WriteProcessMemory 要求の一部だけを完了しました。 (0x12B)
[0902/155648:WARNING:pe_image_reader.cc(281)] could not read dos header from C:\Windows\WinSxS\amd64_microsoft.windows.common-controls_6595b64144ccf1df_6.0.7601.18837_none_fa3b1e3d17594757\COMCTL32.dll
[0902/155648:ERROR:process_reader_win.cc(233)] ReadMemory at 0x7fefe1f0000 of 64 bytes failed: ReadProcessMemory 要求または WriteProcessMemory 要求の一部だけを完了しました。 (0x12B)
[0902/155648:WARNING:pe_image_reader.cc(281)] could not read dos header from C:\Windows\system32\COMDLG32.dll
[0902/155648:ERROR:process_reader_win.cc(233)] ReadMemory at 0x7feffc10000 of 64 bytes failed: ReadProcessMemory 要求または WriteProcessMemory 要求の一部だけを完了しました。 (0x12B)
[0902/155648:WARNING:pe_image_reader.cc(281)] could not read dos header from C:\Windows\system32\ole32.dll
[0902/155648:ERROR:process_reader_win.cc(233)] ReadMemory at 0x7feff020000 of 64 bytes failed: ReadProcessMemory 要求または WriteProcessMemory 要求の一部だけを完了しました。 (0x12B)
[0902/155648:WARNING:pe_image_reader.cc(281)] could not read dos header from C:\Windows\system32\OLEAUT32.dll
[0902/155648:ERROR:process_reader_win.cc(233)] ReadMemory at 0x7fefe1a0000 of 64 bytes failed: ReadProcessMemory 要求または WriteProcessMemory 要求の一部だけを完了しました。 (0x12B)
[0902/155648:WARNING:pe_image_reader.cc(281)] could not read dos header from C:\Windows\system32\NSI.dll
[0902/155648:ERROR:process_reader_win.cc(233)] ReadMemory at 0x7fefb620000 of 64 bytes failed: ReadProcessMemory 要求または WriteProcessMemory 要求の一部だけを完了しました。 (0x12B)
[0902/155648:WARNING:pe_image_reader.cc(281)] could not read dos header from C:\Windows\system32\WINNSI.DLL
[0902/155648:ERROR:process_reader_win.cc(233)] ReadMemory at 0x7fefb630000 of 64 bytes failed: ReadProcessMemory 要求または WriteProcessMemory 要求の一部だけを完了しました。 (0x12B)
[0902/155648:WARNING:pe_image_reader.cc(281)] could not read dos header from C:\Windows\system32\IPHLPAPI.DLL
[0902/155648:ERROR:process_reader_win.cc(233)] ReadMemory at 0x7feff9c0000 of 64 bytes failed: ReadProcessMemory 要求または WriteProcessMemory 要求の一部だけを完了しました。 (0x12B)
[0902/155648:WARNING:pe_image_reader.cc(281)] could not read dos header from C:\Windows\system32\WS2_32.dll
[0902/155648:ERROR:process_reader_win.cc(233)] ReadMemory at 0x7fefd880000 of 64 bytes failed: ReadProcessMemory 要求または WriteProcessMemory 要求の一部だけを完了しました。 (0x12B)
[0902/155648:WARNING:pe_image_reader.cc(281)] could not read dos header from C:\Windows\system32\MSASN1.dll
[0902/155648:ERROR:process_reader_win.cc(233)] ReadMemory at 0x7fefda20000 of 64 bytes failed: ReadProcessMemory 要求または WriteProcessMemory 要求の一部だけを完了しました。 (0x12B)
[0902/155648:WARNING:pe_image_reader.cc(281)] could not read dos header from C:\Windows\system32\CRYPT32.dll
[0902/155648:ERROR:process_reader_win.cc(233)] ReadMemory at 0x7fefd900000 of 64 bytes failed: ReadProcessMemory 要求または WriteProcessMemory 要求の一部だけを完了しました。 (0x12B)
[0902/155648:WARNING:pe_image_reader.cc(281)] could not read dos header from C:\Windows\system32\WINTRUST.dll
[0902/155648:ERROR:process_reader_win.cc(233)] ReadMemory at 0x7fefd3f0000 of 64 bytes failed: ReadProcessMemory 要求または WriteProcessMemory 要求の一部だけを完了しました。 (0x12B)
[0902/155648:WARNING:pe_image_reader.cc(281)] could not read dos header from C:\Windows\system32\Secur32.dll
[0902/155648:ERROR:process_reader_win.cc(233)] ReadMemory at 0x7fefd680000 of 64 bytes failed: ReadProcessMemory 要求または WriteProcessMemory 要求の一部だけを完了しました。 (0x12B)
[0902/155648:WARNING:pe_image_reader.cc(281)] could not read dos header from C:\Windows\system32\SSPICLI.DLL
[0902/155648:ERROR:process_reader_win.cc(233)] ReadMemory at 0x7fed2ec0000 of 64 bytes failed: ReadProcessMemory 要求または WriteProcessMemory 要求の一部だけを完了しました。 (0x12B)
[0902/155648:WARNING:pe_image_reader.cc(281)] could not read dos header from C:\Program Files (x86)\Google\Chrome\Application\53.0.2785.89\chrome_child.dll
[0902/155648:ERROR:process_reader_win.cc(233)] ReadMemory at 0x7feec610000 of 64 bytes failed: ReadProcessMemory 要求または WriteProcessMemory 要求の一部だけを完了しました。 (0x12B)
[0902/155648:WARNING:pe_image_reader.cc(281)] could not read dos header from C:\Windows\system32\dwrite.dll
[0902/155648:ERROR:process_reader_win.cc(233)] ReadMemory at 0x7fefd710000 of 64 bytes failed: ReadProcessMemory 要求または WriteProcessMemory 要求の一部だけを完了しました。 (0x12B)
[0902/155648:WARNING:pe_image_reader.cc(281)] could not read dos header from C:\Windows\system32\cryptbase.dll
[0902/155648:ERROR:process_reader_win.cc(233)] ReadMemory at 0x13f2b0000 of 64 bytes failed: ReadProcessMemory 要求または WriteProcessMemory 要求の一部だけを完了しました。 (0x12B)
[0902/155648:WARNING:pe_image_reader.cc(281)] could not read dos header from C:\Program Files (x86)\Google\Chrome\Application\chrome.exe
[0902/155648:ERROR:process_reader_win.cc(233)] ReadMemory at 0x77b30000 of 64 bytes failed: ReadProcessMemory 要求または WriteProcessMemory 要求の一部だけを完了しました。 (0x12B)
[0902/155648:WARNING:pe_image_reader.cc(281)] could not read dos header from C:\Windows\SYSTEM32\ntdll.dll
[0902/155648:ERROR:process_reader_win.cc(233)] ReadMemory at 0x7fefd990000 of 64 bytes failed: ReadProcessMemory 要求または WriteProcessMemory 要求の一部だけを完了しました。 (0x12B)
[0902/155648:WARNING:pe_image_reader.cc(281)] could not read dos header from C:\Windows\system32\KERNELBASE.dll
[0902/155648:ERROR:process_reader_win.cc(233)] ReadMemory at 0x77910000 of 64 bytes failed: ReadProcessMemory 要求または WriteProcessMemory 要求の一部だけを完了しました。 (0x12B)
[0902/155648:WARNING:pe_image_reader.cc(281)] could not read dos header from C:\Windows\system32\kernel32.dll
[0902/155648:ERROR:process_reader_win.cc(233)] ReadMemory at 0x7fefe030000 of 64 bytes failed: ReadProcessMemory 要求または WriteProcessMemory 要求の一部だけを完了しました。 (0x12B)
[0902/155648:WARNING:pe_image_reader.cc(281)] could not read dos header from C:\Windows\system32\msvcrt.dll
[0902/155648:ERROR:process_reader_win.cc(233)] ReadMemory at 0x7fefdc30000 of 64 bytes failed: ReadProcessMemory 要求または WriteProcessMemory 要求の一部だけを完了しました。 (0x12B)
[0902/155648:WARNING:pe_image_reader.cc(281)] could not read dos header from C:\Windows\system32\RPCRT4.dll
[0902/155648:ERROR:process_reader_win.cc(233)] ReadMemory at 0x7feffe20000 of 64 bytes failed: ReadProcessMemory 要求または WriteProcessMemory 要求の一部だけを完了しました。 (0x12B)
[0902/155648:WARNING:pe_image_reader.cc(281)] could not read dos header from C:\Windows\SYSTEM32\sechost.dll
[0902/155648:ERROR:process_reader_win.cc(233)] ReadMemory at 0x7feff120000 of 64 bytes failed: ReadProcessMemory 要求または WriteProcessMemory 要求の一部だけを完了しました。 (0x12B)
[0902/155648:WARNING:pe_image_reader.cc(281)] could not read dos header from C:\Windows\system32\ADVAPI32.dll
[0902/155648:ERROR:process_reader_win.cc(233)] ReadMemory at 0x7fee6950000 of 64 bytes failed: ReadProcessMemory 要求または WriteProcessMemory 要求の一部だけを完了しました。 (0x12B)
[0902/155648:WARNING:pe_image_reader.cc(281)] could not read dos header from C:\Program Files (x86)\Google\Chrome\Application\53.0.2785.89\chrome_elf.dll
[0902/155648:ERROR:process_reader_win.cc(233)] ReadMemory at 0x7fefc950000 of 64 bytes failed: ReadProcessMemory 要求または WriteProcessMemory 要求の一部だけを完了しました。 (0x12B)
[0902/155648:WARNING:pe_image_reader.cc(281)] could not read dos header from C:\Windows\system32\VERSION.dll
[0902/155648:ERROR:process_reader_win.cc(233)] ReadMemory at 0x7fefe0d0000 of 64 bytes failed: ReadProcessMemory 要求または WriteProcessMemory 要求の一部だけを完了しました。 (0x12B)
[0902/155648:WARNING:pe_image_reader.cc(281)] could not read dos header from C:\Windows\system32\USP10.dll
[0902/155648:ERROR:process_reader_win.cc(233)] ReadMemory at 0x7fefe1e0000 of 64 bytes failed: ReadProcessMemory 要求または WriteProcessMemory 要求の一部だけを完了しました。 (0x12B)
[0902/155648:WARNING:pe_image_reader.cc(281)] could not read dos header from C:\Windows\system32\LPK.dll
[0902/155648:ERROR:process_reader_win.cc(233)] ReadMemory at 0x7feffa10000 of 64 bytes failed: ReadProcessMemory 要求または WriteProcessMemory 要求の一部だけを完了しました。 (0x12B)
[0902/155648:WARNING:pe_image_reader.cc(281)] could not read dos header from C:\Windows\system32\GDI32.dll
[0902/155648:ERROR:process_reader_win.cc(233)] ReadMemory at 0x77a30000 of 64 bytes failed: ReadProcessMemory 要求または WriteProcessMemory 要求の一部だけを完了しました。 (0x12B)
[0902/155648:WARNING:pe_image_reader.cc(281)] could not read dos header from C:\Windows\system32\USER32.dll
[0902/155648:ERROR:process_reader_win.cc(233)] ReadMemory at 0x7fefb740000 of 64 bytes failed: ReadProcessMemory 要求または WriteProcessMemory 要求の一部だけを完了しました。 (0x12B)
[0902/155648:WARNING:pe_image_reader.cc(281)] could not read dos header from C:\Windows\system32\WINMM.dll
[0902/155648:ERROR:process_reader_win.cc(233)] ReadMemory at 0x7fefd870000 of 64 bytes failed: ReadProcessMemory 要求または WriteProcessMemory 要求の一部だけを完了しました。 (0x12B)
[0902/155648:WARNING:pe_image_reader.cc(281)] could not read dos header from C:\Windows\system32\profapi.dll
[0902/155648:ERROR:process_reader_win.cc(233)] ReadMemory at 0x7fefda00000 of 64 bytes failed: ReadProcessMemory 要求または WriteProcessMemory 要求の一部だけを完了しました。 (0x12B)
[0902/155648:WARNING:pe_image_reader.cc(281)] could not read dos header from C:\Windows\system32\USERENV.dll
[0902/155648:ERROR:process_reader_win.cc(233)] ReadMemory at 0x7fefb790000 of 64 bytes failed: ReadProcessMemory 要求または WriteProcessMemory 要求の一部だけを完了しました。 (0x12B)
[0902/155648:WARNING:pe_image_reader.cc(281)] could not read dos header from C:\Windows\system32\WTSAPI32.dll
[0902/155648:ERROR:process_reader_win.cc(233)] ReadMemory at 0x7fef8f10000 of 64 bytes failed: ReadProcessMemory 要求または WriteProcessMemory 要求の一部だけを完了しました。 (0x12B)
[0902/155648:WARNING:pe_image_reader.cc(281)] could not read dos header from C:\Windows\system32\webio.dll
[0902/155648:ERROR:process_reader_win.cc(233)] ReadMemory at 0x7fef8f80000 of 64 bytes failed: ReadProcessMemory 要求または WriteProcessMemory 要求の一部だけを完了しました。 (0x12B)
[0902/155648:WARNING:pe_image_reader.cc(281)] could not read dos header from C:\Windows\system32\WINHTTP.dll
[0902/155648:ERROR:process_reader_win.cc(233)] ReadMemory at 0x7fef9a80000 of 64 bytes failed: ReadProcessMemory 要求または WriteProcessMemory 要求の一部だけを完了しました。 (0x12B)
[0902/155648:WARNING:pe_image_reader.cc(281)] could not read dos header from C:\Windows\system32\api-ms-win-core-synch-l1-2-0.DLL
[0902/155648:ERROR:process_reader_win.cc(233)] ReadMemory at 0x7feffb00000 of 64 bytes failed: ReadProcessMemory 要求または WriteProcessMemory 要求の一部だけを完了しました。 (0x12B)
[0902/155648:WARNING:pe_image_reader.cc(281)] could not read dos header from C:\Windows\system32\MSCTF.dll
[0902/155648:ERROR:process_reader_win.cc(233)] ReadMemory at 0x7fefe1b0000 of 64 bytes failed: ReadProcessMemory 要求または WriteProcessMemory 要求の一部だけを完了しました。 (0x12B)
[0902/155648:WARNING:pe_image_reader.cc(281)] could not read dos header from C:\Windows\system32\IMM32.DLL
[0902/155648:ERROR:process_reader_win.cc(233)] ReadMemory at 0x7feffa80000 of 64 bytes failed: ReadProcessMemory 要求または WriteProcessMemory 要求の一部だけを完了しました。 (0x12B)
[0902/155648:WARNING:pe_image_reader.cc(281)] could not read dos header from C:\Windows\system32\SHLWAPI.dll
[0902/155648:ERROR:process_reader_win.cc(233)] ReadMemory at 0x7fefe290000 of 64 bytes failed: ReadProcessMemory 要求または WriteProcessMemory 要求の一部だけを完了しました。 (0x12B)
[0902/155648:WARNING:pe_image_reader.cc(281)] could not read dos header from C:\Windows\system32\SHELL32.dll
[0902/155648:ERROR:process_reader_win.cc(233)] ReadMemory at 0x77d00000 of 64 bytes failed: ReadProcessMemory 要求または WriteProcessMemory 要求の一部だけを完了しました。 (0x12B)
[0902/155648:WARNING:pe_image_reader.cc(281)] could not read dos header from C:\Windows\system32\PSAPI.DLL
[0902/155648:ERROR:process_reader_win.cc(233)] ReadMemory at 0x7fefb6b0000 of 64 bytes failed: ReadProcessMemory 要求または WriteProcessMemory 要求の一部だけを完了しました。 (0x12B)
[0902/155648:WARNING:pe_image_reader.cc(281)] could not read dos header from C:\Windows\system32\WINSPOOL.DRV
[0902/155648:ERROR:process_reader_win.cc(233)] ReadMemory at 0x7fefc2c0000 of 64 bytes failed: ReadProcessMemory 要求または WriteProcessMemory 要求の一部だけを完了しました。 (0x12B)
[0902/155648:WARNING:pe_image_reader.cc(281)] could not read dos header from C:\Windows\WinSxS\amd64_microsoft.windows.common-controls_6595b64144ccf1df_6.0.7601.18837_none_fa3b1e3d17594757\COMCTL32.dll
[0902/155648:ERROR:process_reader_win.cc(233)] ReadMemory at 0x7fefe1f0000 of 64 bytes failed: ReadProcessMemory 要求または WriteProcessMemory 要求の一部だけを完了しました。 (0x12B)
[0902/155648:WARNING:pe_image_reader.cc(281)] could not read dos header from C:\Windows\system32\COMDLG32.dll
[0902/155648:ERROR:process_reader_win.cc(233)] ReadMemory at 0x7feffc10000 of 64 bytes failed: ReadProcessMemory 要求または WriteProcessMemory 要求の一部だけを完了しました。 (0x12B)
[0902/155648:WARNING:pe_image_reader.cc(281)] could not read dos header from C:\Windows\system32\ole32.dll
[0902/155648:ERROR:process_reader_win.cc(233)] ReadMemory at 0x7feff020000 of 64 bytes failed: ReadProcessMemory 要求または WriteProcessMemory 要求の一部だけを完了しました。 (0x12B)
[0902/155648:WARNING:pe_image_reader.cc(281)] could not read dos header from C:\Windows\system32\OLEAUT32.dll
[0902/155648:ERROR:process_reader_win.cc(233)] ReadMemory at 0x7fefe1a0000 of 64 bytes failed: ReadProcessMemory 要求または WriteProcessMemory 要求の一部だけを完了しました。 (0x12B)
[0902/155648:WARNING:pe_image_reader.cc(281)] could not read dos header from C:\Windows\system32\NSI.dll
[0902/155648:ERROR:process_reader_win.cc(233)] ReadMemory at 0x7fefb620000 of 64 bytes failed: ReadProcessMemory 要求または WriteProcessMemory 要求の一部だけを完了しました。 (0x12B)
[0902/155648:WARNING:pe_image_reader.cc(281)] could not read dos header from C:\Windows\system32\WINNSI.DLL
[0902/155648:ERROR:process_reader_win.cc(233)] ReadMemory at 0x7fefb630000 of 64 bytes failed: ReadProcessMemory 要求または WriteProcessMemory 要求の一部だけを完了しました。 (0x12B)
[0902/155648:WARNING:pe_image_reader.cc(281)] could not read dos header from C:\Windows\system32\IPHLPAPI.DLL
[0902/155648:ERROR:process_reader_win.cc(233)] ReadMemory at 0x7feff9c0000 of 64 bytes failed: ReadProcessMemory 要求または WriteProcessMemory 要求の一部だけを完了しました。 (0x12B)
[0902/155648:WARNING:pe_image_reader.cc(281)] could not read dos header from C:\Windows\system32\WS2_32.dll
[0902/155648:ERROR:process_reader_win.cc(233)] ReadMemory at 0x7fefd880000 of 64 bytes failed: ReadProcessMemory 要求または WriteProcessMemory 要求の一部だけを完了しました。 (0x12B)
[0902/155648:WARNING:pe_image_reader.cc(281)] could not read dos header from C:\Windows\system32\MSASN1.dll
[0902/155648:ERROR:process_reader_win.cc(233)] ReadMemory at 0x7fefda20000 of 64 bytes failed: ReadProcessMemory 要求または WriteProcessMemory 要求の一部だけを完了しました。 (0x12B)
[0902/155648:WARNING:pe_image_reader.cc(281)] could not read dos header from C:\Windows\system32\CRYPT32.dll
[0902/155648:ERROR:process_reader_win.cc(233)] ReadMemory at 0x7fefd900000 of 64 bytes failed: ReadProcessMemory 要求または WriteProcessMemory 要求の一部だけを完了しました。 (0x12B)
[0902/155648:WARNING:pe_image_reader.cc(281)] could not read dos header from C:\Windows\system32\WINTRUST.dll
[0902/155648:ERROR:process_reader_win.cc(233)] ReadMemory at 0x7fefd3f0000 of 64 bytes failed: ReadProcessMemory 要求または WriteProcessMemory 要求の一部だけを完了しました。 (0x12B)
[0902/155648:WARNING:pe_image_reader.cc(281)] could not read dos header from C:\Windows\system32\Secur32.dll
[0902/155648:ERROR:process_reader_win.cc(233)] ReadMemory at 0x7fefd680000 of 64 bytes failed: ReadProcessMemory 要求または WriteProcessMemory 要求の一部だけを完了しました。 (0x12B)
[0902/155648:WARNING:pe_image_reader.cc(281)] could not read dos header from C:\Windows\system32\SSPICLI.DLL
[0902/155648:ERROR:process_reader_win.cc(233)] ReadMemory at 0x7fed2ec0000 of 64 bytes failed: ReadProcessMemory 要求または WriteProcessMemory 要求の一部だけを完了しました。 (0x12B)
[0902/155648:WARNING:pe_image_reader.cc(281)] could not read dos header from C:\Program Files (x86)\Google\Chrome\Application\53.0.2785.89\chrome_child.dll
[0902/155648:ERROR:process_reader_win.cc(233)] ReadMemory at 0x7feec610000 of 64 bytes failed: ReadProcessMemory 要求または WriteProcessMemory 要求の一部だけを完了しました。 (0x12B)
[0902/155648:WARNING:pe_image_reader.cc(281)] could not read dos header from C:\Windows\system32\dwrite.dll
[0902/155648:ERROR:process_reader_win.cc(233)] ReadMemory at 0x7fefd710000 of 64 bytes failed: ReadProcessMemory 要求または WriteProcessMemory 要求の一部だけを完了しました。 (0x12B)
[0902/155648:WARNING:pe_image_reader.cc(281)] could not read dos header from C:\Windows\system32\cryptbase.dll
[0902/155648:ERROR:process_reader_win.cc(233)] ReadMemory at 0x2cd000 of 143360 bytes failed: ReadProcessMemory 要求または WriteProcessMemory 要求の一部だけを完了しました。 (0x12B)
[0902/155648:ERROR:crash_report_exception_handler.cc(98)] WriteEverything failed
[0902/155648:ERROR:scoped_process_suspend.cc(38)] NtResumeProcess: 既存のプロセスにアクセスしようとしました。  (0xc000010a)
